<?xml version="1.0" encoding="UTF-8"?>
<!-- Generated by org.testng.reporters.JUnitReportReporter -->
<testsuite hostname="LAPTOP-0HA3NO3K" name="testcases.VerifyLoginPageWithReports" tests="1" failures="0" timestamp="24 Apr 2017 22:45:41 GMT" time="21.764" errors="0">
  <testcase name="testHomePage" time="21.764" classname="testcases.VerifyLoginPageWithReports"/>
</testsuite> <!-- testcases.VerifyLoginPageWithReports -->
