<?xml version="1.0" encoding="UTF-8"?>
<!-- Generated by org.testng.reporters.JUnitReportReporter -->
<testsuite hostname="LAPTOP-0HA3NO3K" name="testcases.VerifyLoginPageWithReports" tests="1" failures="0" timestamp="25 Apr 2017 02:36:24 GMT" time="21.915" errors="0">
  <testcase name="testHomePage" time="21.915" classname="testcases.VerifyLoginPageWithReports"/>
</testsuite> <!-- testcases.VerifyLoginPageWithReports -->
