<?xml version="1.0" encoding="UTF-8"?>
<!-- Generated by org.testng.reporters.JUnitReportReporter -->
<testsuite hostname="LAPTOP-0HA3NO3K" name="testcases.VerifyLoginPageWithReports1" tests="1" failures="0" timestamp="25 Apr 2017 02:36:24 GMT" time="25.875" errors="0">
  <testcase name="testHomePage" time="25.875" classname="testcases.VerifyLoginPageWithReports1"/>
</testsuite> <!-- testcases.VerifyLoginPageWithReports1 -->
